<?xml version="1.0" encoding="UTF-8"?>
<testsuite name="Academy Choucair" tests="1" skipped="0" failures="1" errors="0" timestamp="2022-04-06T19:41:11" hostname="OMAR-WPOSS" time="39.613">
  <properties/>
  <testcase name="Registrarse la pagina uTest" classname="Academy Choucair" time="39.613">
    <failure message="java.lang.AssertionError: no such element: Unable to locate element: {&quot;method&quot;:&quot;xpath&quot;,&quot;selector&quot;:&quot;//*[@id=&quot;mainContent&quot;]/div/div/div[1]/div/h1&quot;}&#10;  (Session info: chrome=100.0.4896.75)&#10;For documentation on this error, please visit: https://www.seleniumhq.org/exceptions/no_such_element.html&#10;Build info: version: '3.141.59', revision: 'e82be7d358', time: '2018-11-14T08:17:03'&#10;System info: host: 'OMAR-WPOSS', ip: '10.51.1.83', os.name: 'Windows 10', os.arch: 'amd64', os.version: '10.0', java.version: '1.8.0_202'&#10;Driver info: org.openqa.selenium.chrome.ChromeDriver&#10;Capabilities {acceptInsecureCerts: false, browserName: chrome, browserVersion: 100.0.4896.75, chrome: {chromedriverVersion: 100.0.4896.60 (6a5d10861ce8..., userDataDir: C:\Users\OMAR\AppData\Local...}, goog:chromeOptions: {debuggerAddress: localhost:53276}, javascriptEnabled: true, networkConnectionEnabled: false, pageLoadStrategy: normal, platform: WINDOWS, platformName: WINDOWS, proxy: Proxy(), setWindowRect: true, strictFileInteractability: false, timeouts: {implicit: 0, pageLoad: 300000, script: 30000}, unhandledPromptBehavior: dismiss and notify, webauthn:extension:credBlob: true, webauthn:extension:largeBlob: true, webauthn:virtualAuthenticators: true}&#10;Session ID: b5055a58b71bd9b624710d044bcfa9cc&#10;*** Element info: {Using=xpath, value=//*[@id=&quot;mainContent&quot;]/div/div/div[1]/div/h1}" type="java.lang.AssertionError">java.lang.AssertionError: no such element: Unable to locate element: {&quot;method&quot;:&quot;xpath&quot;,&quot;selector&quot;:&quot;//*[@id=&quot;mainContent&quot;]/div/div/div[1]/div/h1&quot;}
  (Session info: chrome=100.0.4896.75)
For documentation on this error, please visit: https://www.seleniumhq.org/exceptions/no_such_element.html
Build info: version: '3.141.59', revision: 'e82be7d358', time: '2018-11-14T08:17:03'
System info: host: 'OMAR-WPOSS', ip: '10.51.1.83', os.name: 'Windows 10', os.arch: 'amd64', os.version: '10.0', java.version: '1.8.0_202'
Driver info: org.openqa.selenium.chrome.ChromeDriver
Capabilities {acceptInsecureCerts: false, browserName: chrome, browserVersion: 100.0.4896.75, chrome: {chromedriverVersion: 100.0.4896.60 (6a5d10861ce8..., userDataDir: C:\Users\OMAR\AppData\Local...}, goog:chromeOptions: {debuggerAddress: localhost:53276}, javascriptEnabled: true, networkConnectionEnabled: false, pageLoadStrategy: normal, platform: WINDOWS, platformName: WINDOWS, proxy: Proxy(), setWindowRect: true, strictFileInteractability: false, timeouts: {implicit: 0, pageLoad: 300000, script: 30000}, unhandledPromptBehavior: dismiss and notify, webauthn:extension:credBlob: true, webauthn:extension:largeBlob: true, webauthn:virtualAuthenticators: true}
Session ID: b5055a58b71bd9b624710d044bcfa9cc
*** Element info: {Using=xpath, value=//*[@id=&quot;mainContent&quot;]/div/div/div[1]/div/h1}
	at net.serenitybdd.screenplay.ErrorTally.throwSummaryExceptionFrom(ErrorTally.java:36)
	at net.serenitybdd.screenplay.ErrorTally.reportAnyErrors(ErrorTally.java:30)
	at net.serenitybdd.screenplay.Actor.should(Actor.java:301)
	at co.com.choucair.certification.proyectobase.stepdefinitions.UtestStepDefinitions.luegoSeRegistraCorrectamenteElUsuarioEncuentraElMensajeWelcomeToTheWorldSLargestCommunityOfFreelanceSoftwareTesters(UtestStepDefinitions.java:40)
	at ✽.Luego se registra correctamente el usuario encuentra el mensaje(src/test/resources/features/academyChoucair.feature:11)
</failure>
  </testcase>
  <system-out><![CDATA[]]></system-out>
  <system-err><![CDATA[[Test worker] WARN net.thucydides.core.steps.BaseStepListener - stepStarted: net.thucydides.core.steps.ExecutedStepDescription@6dddb9a0
[Test worker] WARN net.thucydides.core.steps.BaseStepListener - stepStarted: net.thucydides.core.steps.ExecutedStepDescription@8a0d7ba
[Test worker] WARN net.thucydides.core.steps.BaseStepListener - stepStarted: net.thucydides.core.steps.ExecutedStepDescription@18b56c0f
abr 06, 2022 2:41:12 PM org.openqa.selenium.remote.DesiredCapabilities chrome
INFORMACIÓN: Using `new ChromeOptions()` is preferred to `DesiredCapabilities.chrome()`
[Test worker] INFO net.serenitybdd.core.webdriver.driverproviders.ProvideNewDriver - Instantiating driver
[Test worker] INFO net.serenitybdd.core.webdriver.driverproviders.ProvideNewDriver - Driver capabilities: Capabilities {acceptInsecureCerts: false, browserName: chrome, chrome.switches: --start-maximized, goog:chromeOptions: {args: [--start-maximized], extensions: []}, loggingPrefs: org.openqa.selenium.logging..., platform: ANY, version: }
Starting ChromeDriver 100.0.4896.60 (6a5d10861ce8de5fce22564658033b43cb7de047-refs/branch-heads/4896@{#875}) on port 9200
Only local connections are allowed.
Please see https://chromedriver.chromium.org/security-considerations for suggestions on keeping ChromeDriver safe.
ChromeDriver was started successfully.
abr 06, 2022 2:41:15 PM org.openqa.selenium.remote.ProtocolHandshake createSession
INFORMACIÓN: Detected dialect: W3C
[Test worker] WARN net.thucydides.core.steps.BaseStepListener - stepFinished: current outcome:Registrarse la pagina uTest:Given Dado que Juan quiere probar su codigo automatizacion abrimos la pagina Utest.com [Juan open up [Juan opens the Utest page]]
[Test worker] WARN net.thucydides.core.steps.BaseStepListener - stepFinished: current outcome:Registrarse la pagina uTest:Given Dado que Juan quiere probar su codigo automatizacion abrimos la pagina Utest.com [Juan open up [Juan opens the Utest page]]
[Test worker] WARN net.thucydides.core.steps.BaseStepListener - stepFinished: current outcome:Registrarse la pagina uTest:Given Dado que Juan quiere probar su codigo automatizacion abrimos la pagina Utest.com [Juan open up [Juan opens the Utest page]]
[Test worker] WARN net.thucydides.core.steps.BaseStepListener - stepStarted: net.thucydides.core.steps.ExecutedStepDescription@1e871d62
[Test worker] WARN net.thucydides.core.steps.BaseStepListener - stepStarted: net.thucydides.core.steps.ExecutedStepDescription@2643aaa4
[Test worker] WARN net.thucydides.core.steps.BaseStepListener - stepStarted: net.thucydides.core.steps.ExecutedStepDescription@4c2f11f2
[Test worker] WARN net.thucydides.core.steps.BaseStepListener - stepFinished: current outcome:Registrarse la pagina uTest:Given Dado que Juan quiere probar su codigo automatizacion abrimos la pagina Utest.com [Juan open up [Juan opens the Utest page]], When Cuando abre el formulario registro, se llenan todos los campos
| strFirtsName | strLastName | strEmail | strMoth | strDay | strYear | strPassword | strRepassword |
| Juan David | Gutierrez Rodriguez | juanprueba12362@gmail.com | May | 29 | 2000 | Juandavid29 | Juandavid29 | [Juan join today [Juan clicks on Boton para iniciar el registro]]
[Test worker] WARN net.thucydides.core.steps.BaseStepListener - stepStarted: net.thucydides.core.steps.ExecutedStepDescription@4a1e4a57
[Test worker] WARN net.thucydides.core.steps.BaseStepListener - stepFinished: current outcome:Registrarse la pagina uTest:Given Dado que Juan quiere probar su codigo automatizacion abrimos la pagina Utest.com [Juan open up [Juan opens the Utest page]], When Cuando abre el formulario registro, se llenan todos los campos
| strFirtsName | strLastName | strEmail | strMoth | strDay | strYear | strPassword | strRepassword |
| Juan David | Gutierrez Rodriguez | juanprueba12362@gmail.com | May | 29 | 2000 | Juandavid29 | Juandavid29 | [Juan join today [Juan clicks on Boton para iniciar el registro, Juan enters 'Juan David' into Campo para diligenciar primer nombre]]
[Test worker] WARN net.thucydides.core.steps.BaseStepListener - stepStarted: net.thucydides.core.steps.ExecutedStepDescription@29885f3a
[Test worker] WARN net.thucydides.core.steps.BaseStepListener - stepFinished: current outcome:Registrarse la pagina uTest:Given Dado que Juan quiere probar su codigo automatizacion abrimos la pagina Utest.com [Juan open up [Juan opens the Utest page]], When Cuando abre el formulario registro, se llenan todos los campos
| strFirtsName | strLastName | strEmail | strMoth | strDay | strYear | strPassword | strRepassword |
| Juan David | Gutierrez Rodriguez | juanprueba12362@gmail.com | May | 29 | 2000 | Juandavid29 | Juandavid29 | [Juan join today [Juan clicks on Boton para iniciar el registro, Juan enters 'Juan David' into Campo para diligenciar primer nombre, Juan enters 'Gutierrez Rodriguez' into Campo para diligenciar apellido]]
[Test worker] WARN net.thucydides.core.steps.BaseStepListener - stepStarted: net.thucydides.core.steps.ExecutedStepDescription@74f54dde
[Test worker] WARN net.thucydides.core.steps.BaseStepListener - stepFinished: current outcome:Registrarse la pagina uTest:Given Dado que Juan quiere probar su codigo automatizacion abrimos la pagina Utest.com [Juan open up [Juan opens the Utest page]], When Cuando abre el formulario registro, se llenan todos los campos
| strFirtsName | strLastName | strEmail | strMoth | strDay | strYear | strPassword | strRepassword |
| Juan David | Gutierrez Rodriguez | juanprueba12362@gmail.com | May | 29 | 2000 | Juandavid29 | Juandavid29 | [Juan join today [Juan clicks on Boton para iniciar el registro, Juan enters 'Juan David' into Campo para diligenciar primer nombre, Juan enters 'Gutierrez Rodriguez' into Campo para diligenciar apellido, Juan enters 'juanprueba12362@gmail.com' into Campo para diligenciar email]]
[Test worker] WARN net.thucydides.core.steps.BaseStepListener - stepStarted: net.thucydides.core.steps.ExecutedStepDescription@14bffd9f
[Test worker] WARN net.thucydides.core.steps.BaseStepListener - stepFinished: current outcome:Registrarse la pagina uTest:Given Dado que Juan quiere probar su codigo automatizacion abrimos la pagina Utest.com [Juan open up [Juan opens the Utest page]], When Cuando abre el formulario registro, se llenan todos los campos
| strFirtsName | strLastName | strEmail | strMoth | strDay | strYear | strPassword | strRepassword |
| Juan David | Gutierrez Rodriguez | juanprueba12362@gmail.com | May | 29 | 2000 | Juandavid29 | Juandavid29 | [Juan join today [Juan clicks on Boton para iniciar el registro, Juan enters 'Juan David' into Campo para diligenciar primer nombre, Juan enters 'Gutierrez Rodriguez' into Campo para diligenciar apellido, Juan enters 'juanprueba12362@gmail.com' into Campo para diligenciar email, Juan select May on Seleccionar el mes]]
[Test worker] WARN net.thucydides.core.steps.BaseStepListener - stepStarted: net.thucydides.core.steps.ExecutedStepDescription@5e0970f1
[Test worker] WARN net.thucydides.core.steps.BaseStepListener - stepFinished: current outcome:Registrarse la pagina uTest:Given Dado que Juan quiere probar su codigo automatizacion abrimos la pagina Utest.com [Juan open up [Juan opens the Utest page]], When Cuando abre el formulario registro, se llenan todos los campos
| strFirtsName | strLastName | strEmail | strMoth | strDay | strYear | strPassword | strRepassword |
| Juan David | Gutierrez Rodriguez | juanprueba12362@gmail.com | May | 29 | 2000 | Juandavid29 | Juandavid29 | [Juan join today [Juan clicks on Boton para iniciar el registro, Juan enters 'Juan David' into Campo para diligenciar primer nombre, Juan enters 'Gutierrez Rodriguez' into Campo para diligenciar apellido, Juan enters 'juanprueba12362@gmail.com' into Campo para diligenciar email, Juan select May on Seleccionar el mes, Juan select 29 on Seleccionar el dia]]
[Test worker] WARN net.thucydides.core.steps.BaseStepListener - stepStarted: net.thucydides.core.steps.ExecutedStepDescription@5a138782
[Test worker] WARN net.thucydides.core.steps.BaseStepListener - stepFinished: current outcome:Registrarse la pagina uTest:Given Dado que Juan quiere probar su codigo automatizacion abrimos la pagina Utest.com [Juan open up [Juan opens the Utest page]], When Cuando abre el formulario registro, se llenan todos los campos
| strFirtsName | strLastName | strEmail | strMoth | strDay | strYear | strPassword | strRepassword |
| Juan David | Gutierrez Rodriguez | juanprueba12362@gmail.com | May | 29 | 2000 | Juandavid29 | Juandavid29 | [Juan join today [Juan clicks on Boton para iniciar el registro, Juan enters 'Juan David' into Campo para diligenciar primer nombre, Juan enters 'Gutierrez Rodriguez' into Campo para diligenciar apellido, Juan enters 'juanprueba12362@gmail.com' into Campo para diligenciar email, Juan select May on Seleccionar el mes, Juan select 29 on Seleccionar el dia, Juan select 2000 on Seleccionar el aÃ±o]]
[Test worker] WARN net.thucydides.core.steps.BaseStepListener - stepStarted: net.thucydides.core.steps.ExecutedStepDescription@6b53d9e0
[Test worker] WARN net.thucydides.core.steps.BaseStepListener - stepFinished: current outcome:Registrarse la pagina uTest:Given Dado que Juan quiere probar su codigo automatizacion abrimos la pagina Utest.com [Juan open up [Juan opens the Utest page]], When Cuando abre el formulario registro, se llenan todos los campos
| strFirtsName | strLastName | strEmail | strMoth | strDay | strYear | strPassword | strRepassword |
| Juan David | Gutierrez Rodriguez | juanprueba12362@gmail.com | May | 29 | 2000 | Juandavid29 | Juandavid29 | [Juan join today [Juan clicks on Boton para iniciar el registro, Juan enters 'Juan David' into Campo para diligenciar primer nombre, Juan enters 'Gutierrez Rodriguez' into Campo para diligenciar apellido, Juan enters 'juanprueba12362@gmail.com' into Campo para diligenciar email, Juan select May on Seleccionar el mes, Juan select 29 on Seleccionar el dia, Juan select 2000 on Seleccionar el aÃ±o, Juan clicks on Boton para seguir el registro parte 1]]
[Test worker] WARN net.thucydides.core.steps.BaseStepListener - stepStarted: net.thucydides.core.steps.ExecutedStepDescription@1d908af7
[Test worker] WARN net.thucydides.core.steps.BaseStepListener - stepFinished: current outcome:Registrarse la pagina uTest:Given Dado que Juan quiere probar su codigo automatizacion abrimos la pagina Utest.com [Juan open up [Juan opens the Utest page]], When Cuando abre el formulario registro, se llenan todos los campos
| strFirtsName | strLastName | strEmail | strMoth | strDay | strYear | strPassword | strRepassword |
| Juan David | Gutierrez Rodriguez | juanprueba12362@gmail.com | May | 29 | 2000 | Juandavid29 | Juandavid29 | [Juan join today [Juan clicks on Boton para iniciar el registro, Juan enters 'Juan David' into Campo para diligenciar primer nombre, Juan enters 'Gutierrez Rodriguez' into Campo para diligenciar apellido, Juan enters 'juanprueba12362@gmail.com' into Campo para diligenciar email, Juan select May on Seleccionar el mes, Juan select 29 on Seleccionar el dia, Juan select 2000 on Seleccionar el aÃ±o, Juan clicks on Boton para seguir el registro parte 1, Juan clicks on Boton para seguir registro parte 2]]
[Test worker] WARN net.thucydides.core.steps.BaseStepListener - stepStarted: net.thucydides.core.steps.ExecutedStepDescription@358de027
[Test worker] WARN net.thucydides.core.steps.BaseStepListener - stepFinished: current outcome:Registrarse la pagina uTest:Given Dado que Juan quiere probar su codigo automatizacion abrimos la pagina Utest.com [Juan open up [Juan opens the Utest page]], When Cuando abre el formulario registro, se llenan todos los campos
| strFirtsName | strLastName | strEmail | strMoth | strDay | strYear | strPassword | strRepassword |
| Juan David | Gutierrez Rodriguez | juanprueba12362@gmail.com | May | 29 | 2000 | Juandavid29 | Juandavid29 | [Juan join today [Juan clicks on Boton para iniciar el registro, Juan enters 'Juan David' into Campo para diligenciar primer nombre, Juan enters 'Gutierrez Rodriguez' into Campo para diligenciar apellido, Juan enters 'juanprueba12362@gmail.com' into Campo para diligenciar email, Juan select May on Seleccionar el mes, Juan select 29 on Seleccionar el dia, Juan select 2000 on Seleccionar el aÃ±o, Juan clicks on Boton para seguir el registro parte 1, Juan clicks on Boton para seguir registro parte 2, Juan clicks on Boton para seguir registro parte 3]]
[Test worker] WARN net.thucydides.core.steps.BaseStepListener - stepStarted: net.thucydides.core.steps.ExecutedStepDescription@cb5cb95
[Test worker] WARN net.thucydides.core.steps.BaseStepListener - stepFinished: current outcome:Registrarse la pagina uTest:Given Dado que Juan quiere probar su codigo automatizacion abrimos la pagina Utest.com [Juan open up [Juan opens the Utest page]], When Cuando abre el formulario registro, se llenan todos los campos
| strFirtsName | strLastName | strEmail | strMoth | strDay | strYear | strPassword | strRepassword |
| Juan David | Gutierrez Rodriguez | juanprueba12362@gmail.com | May | 29 | 2000 | Juandavid29 | Juandavid29 | [Juan join today [Juan clicks on Boton para iniciar el registro, Juan enters 'Juan David' into Campo para diligenciar primer nombre, Juan enters 'Gutierrez Rodriguez' into Campo para diligenciar apellido, Juan enters 'juanprueba12362@gmail.com' into Campo para diligenciar email, Juan select May on Seleccionar el mes, Juan select 29 on Seleccionar el dia, Juan select 2000 on Seleccionar el aÃ±o, Juan clicks on Boton para seguir el registro parte 1, Juan clicks on Boton para seguir registro parte 2, Juan clicks on Boton para seguir registro parte 3, Juan enters 'Juandavid29' into Campo para digitar la contraseÃ±a]]
[Test worker] WARN net.thucydides.core.steps.BaseStepListener - stepStarted: net.thucydides.core.steps.ExecutedStepDescription@1b88f764
[Test worker] WARN net.thucydides.core.steps.BaseStepListener - stepFinished: current outcome:Registrarse la pagina uTest:Given Dado que Juan quiere probar su codigo automatizacion abrimos la pagina Utest.com [Juan open up [Juan opens the Utest page]], When Cuando abre el formulario registro, se llenan todos los campos
| strFirtsName | strLastName | strEmail | strMoth | strDay | strYear | strPassword | strRepassword |
| Juan David | Gutierrez Rodriguez | juanprueba12362@gmail.com | May | 29 | 2000 | Juandavid29 | Juandavid29 | [Juan join today [Juan clicks on Boton para iniciar el registro, Juan enters 'Juan David' into Campo para diligenciar primer nombre, Juan enters 'Gutierrez Rodriguez' into Campo para diligenciar apellido, Juan enters 'juanprueba12362@gmail.com' into Campo para diligenciar email, Juan select May on Seleccionar el mes, Juan select 29 on Seleccionar el dia, Juan select 2000 on Seleccionar el aÃ±o, Juan clicks on Boton para seguir el registro parte 1, Juan clicks on Boton para seguir registro parte 2, Juan clicks on Boton para seguir registro parte 3, Juan enters 'Juandavid29' into Campo para digitar la contraseÃ±a, Juan enters 'Juandavid29' into Campo para confirmar la contraseÃ±a]]
[Test worker] WARN net.thucydides.core.steps.BaseStepListener - stepStarted: net.thucydides.core.steps.ExecutedStepDescription@67bd1c3
[Test worker] WARN net.thucydides.core.steps.BaseStepListener - stepFinished: current outcome:Registrarse la pagina uTest:Given Dado que Juan quiere probar su codigo automatizacion abrimos la pagina Utest.com [Juan open up [Juan opens the Utest page]], When Cuando abre el formulario registro, se llenan todos los campos
| strFirtsName | strLastName | strEmail | strMoth | strDay | strYear | strPassword | strRepassword |
| Juan David | Gutierrez Rodriguez | juanprueba12362@gmail.com | May | 29 | 2000 | Juandavid29 | Juandavid29 | [Juan join today [Juan clicks on Boton para iniciar el registro, Juan enters 'Juan David' into Campo para diligenciar primer nombre, Juan enters 'Gutierrez Rodriguez' into Campo para diligenciar apellido, Juan enters 'juanprueba12362@gmail.com' into Campo para diligenciar email, Juan select May on Seleccionar el mes, Juan select 29 on Seleccionar el dia, Juan select 2000 on Seleccionar el aÃ±o, Juan clicks on Boton para seguir el registro parte 1, Juan clicks on Boton para seguir registro parte 2, Juan clicks on Boton para seguir registro parte 3, Juan enters 'Juandavid29' into Campo para digitar la contraseÃ±a, Juan enters 'Juandavid29' into Campo para confirmar la contraseÃ±a, Juan clicks on Chekear si acepta stay informed]]
[Test worker] WARN net.thucydides.core.steps.BaseStepListener - stepStarted: net.thucydides.core.steps.ExecutedStepDescription@60035b1f
[Test worker] WARN net.thucydides.core.steps.BaseStepListener - stepFinished: current outcome:Registrarse la pagina uTest:Given Dado que Juan quiere probar su codigo automatizacion abrimos la pagina Utest.com [Juan open up [Juan opens the Utest page]], When Cuando abre el formulario registro, se llenan todos los campos
| strFirtsName | strLastName | strEmail | strMoth | strDay | strYear | strPassword | strRepassword |
| Juan David | Gutierrez Rodriguez | juanprueba12362@gmail.com | May | 29 | 2000 | Juandavid29 | Juandavid29 | [Juan join today [Juan clicks on Boton para iniciar el registro, Juan enters 'Juan David' into Campo para diligenciar primer nombre, Juan enters 'Gutierrez Rodriguez' into Campo para diligenciar apellido, Juan enters 'juanprueba12362@gmail.com' into Campo para diligenciar email, Juan select May on Seleccionar el mes, Juan select 29 on Seleccionar el dia, Juan select 2000 on Seleccionar el aÃ±o, Juan clicks on Boton para seguir el registro parte 1, Juan clicks on Boton para seguir registro parte 2, Juan clicks on Boton para seguir registro parte 3, Juan enters 'Juandavid29' into Campo para digitar la contraseÃ±a, Juan enters 'Juandavid29' into Campo para confirmar la contraseÃ±a, Juan clicks on Chekear si acepta stay informed, Juan clicks on Chekear read and accept]]
[Test worker] WARN net.thucydides.core.steps.BaseStepListener - stepStarted: net.thucydides.core.steps.ExecutedStepDescription@4719ae34
[Test worker] WARN net.thucydides.core.steps.BaseStepListener - stepFinished: current outcome:Registrarse la pagina uTest:Given Dado que Juan quiere probar su codigo automatizacion abrimos la pagina Utest.com [Juan open up [Juan opens the Utest page]], When Cuando abre el formulario registro, se llenan todos los campos
| strFirtsName | strLastName | strEmail | strMoth | strDay | strYear | strPassword | strRepassword |
| Juan David | Gutierrez Rodriguez | juanprueba12362@gmail.com | May | 29 | 2000 | Juandavid29 | Juandavid29 | [Juan join today [Juan clicks on Boton para iniciar el registro, Juan enters 'Juan David' into Campo para diligenciar primer nombre, Juan enters 'Gutierrez Rodriguez' into Campo para diligenciar apellido, Juan enters 'juanprueba12362@gmail.com' into Campo para diligenciar email, Juan select May on Seleccionar el mes, Juan select 29 on Seleccionar el dia, Juan select 2000 on Seleccionar el aÃ±o, Juan clicks on Boton para seguir el registro parte 1, Juan clicks on Boton para seguir registro parte 2, Juan clicks on Boton para seguir registro parte 3, Juan enters 'Juandavid29' into Campo para digitar la contraseÃ±a, Juan enters 'Juandavid29' into Campo para confirmar la contraseÃ±a, Juan clicks on Chekear si acepta stay informed, Juan clicks on Chekear read and accept, Juan clicks on Chekear privacy & security]]
[Test worker] WARN net.thucydides.core.steps.BaseStepListener - stepStarted: net.thucydides.core.steps.ExecutedStepDescription@48544c10
[Test worker] WARN net.thucydides.core.steps.BaseStepListener - stepFinished: current outcome:Registrarse la pagina uTest:Given Dado que Juan quiere probar su codigo automatizacion abrimos la pagina Utest.com [Juan open up [Juan opens the Utest page]], When Cuando abre el formulario registro, se llenan todos los campos
| strFirtsName | strLastName | strEmail | strMoth | strDay | strYear | strPassword | strRepassword |
| Juan David | Gutierrez Rodriguez | juanprueba12362@gmail.com | May | 29 | 2000 | Juandavid29 | Juandavid29 | [Juan join today [Juan clicks on Boton para iniciar el registro, Juan enters 'Juan David' into Campo para diligenciar primer nombre, Juan enters 'Gutierrez Rodriguez' into Campo para diligenciar apellido, Juan enters 'juanprueba12362@gmail.com' into Campo para diligenciar email, Juan select May on Seleccionar el mes, Juan select 29 on Seleccionar el dia, Juan select 2000 on Seleccionar el aÃ±o, Juan clicks on Boton para seguir el registro parte 1, Juan clicks on Boton para seguir registro parte 2, Juan clicks on Boton para seguir registro parte 3, Juan enters 'Juandavid29' into Campo para digitar la contraseÃ±a, Juan enters 'Juandavid29' into Campo para confirmar la contraseÃ±a, Juan clicks on Chekear si acepta stay informed, Juan clicks on Chekear read and accept, Juan clicks on Chekear privacy & security, Juan clicks on Boton para terminar el registro]]
[Test worker] WARN net.thucydides.core.steps.BaseStepListener - stepFinished: current outcome:Registrarse la pagina uTest:Given Dado que Juan quiere probar su codigo automatizacion abrimos la pagina Utest.com [Juan open up [Juan opens the Utest page]], When Cuando abre el formulario registro, se llenan todos los campos
| strFirtsName | strLastName | strEmail | strMoth | strDay | strYear | strPassword | strRepassword |
| Juan David | Gutierrez Rodriguez | juanprueba12362@gmail.com | May | 29 | 2000 | Juandavid29 | Juandavid29 | [Juan join today [Juan clicks on Boton para iniciar el registro, Juan enters 'Juan David' into Campo para diligenciar primer nombre, Juan enters 'Gutierrez Rodriguez' into Campo para diligenciar apellido, Juan enters 'juanprueba12362@gmail.com' into Campo para diligenciar email, Juan select May on Seleccionar el mes, Juan select 29 on Seleccionar el dia, Juan select 2000 on Seleccionar el aÃ±o, Juan clicks on Boton para seguir el registro parte 1, Juan clicks on Boton para seguir registro parte 2, Juan clicks on Boton para seguir registro parte 3, Juan enters 'Juandavid29' into Campo para digitar la contraseÃ±a, Juan enters 'Juandavid29' into Campo para confirmar la contraseÃ±a, Juan clicks on Chekear si acepta stay informed, Juan clicks on Chekear read and accept, Juan clicks on Chekear privacy & security, Juan clicks on Boton para terminar el registro]]
[Test worker] WARN net.thucydides.core.steps.BaseStepListener - stepFinished: current outcome:Registrarse la pagina uTest:Given Dado que Juan quiere probar su codigo automatizacion abrimos la pagina Utest.com [Juan open up [Juan opens the Utest page]], When Cuando abre el formulario registro, se llenan todos los campos
| strFirtsName | strLastName | strEmail | strMoth | strDay | strYear | strPassword | strRepassword |
| Juan David | Gutierrez Rodriguez | juanprueba12362@gmail.com | May | 29 | 2000 | Juandavid29 | Juandavid29 | [Juan join today [Juan clicks on Boton para iniciar el registro, Juan enters 'Juan David' into Campo para diligenciar primer nombre, Juan enters 'Gutierrez Rodriguez' into Campo para diligenciar apellido, Juan enters 'juanprueba12362@gmail.com' into Campo para diligenciar email, Juan select May on Seleccionar el mes, Juan select 29 on Seleccionar el dia, Juan select 2000 on Seleccionar el aÃ±o, Juan clicks on Boton para seguir el registro parte 1, Juan clicks on Boton para seguir registro parte 2, Juan clicks on Boton para seguir registro parte 3, Juan enters 'Juandavid29' into Campo para digitar la contraseÃ±a, Juan enters 'Juandavid29' into Campo para confirmar la contraseÃ±a, Juan clicks on Chekear si acepta stay informed, Juan clicks on Chekear read and accept, Juan clicks on Chekear privacy & security, Juan clicks on Boton para terminar el registro]]
[Test worker] WARN net.thucydides.core.steps.BaseStepListener - stepStarted: net.thucydides.core.steps.ExecutedStepDescription@40560062
[Test worker] WARN net.thucydides.core.steps.BaseStepListener - stepStarted: net.thucydides.core.steps.ExecutedStepDescription@50ac2923
[Test worker] WARN net.thucydides.core.steps.BaseStepListener - testFinished: Registrarse la pagina uTest:Given Dado que Juan quiere probar su codigo automatizacion abrimos la pagina Utest.com [Juan open up [Juan opens the Utest page]], When Cuando abre el formulario registro, se llenan todos los campos
| strFirtsName | strLastName | strEmail | strMoth | strDay | strYear | strPassword | strRepassword |
| Juan David | Gutierrez Rodriguez | juanprueba12362@gmail.com | May | 29 | 2000 | Juandavid29 | Juandavid29 | [Juan join today [Juan clicks on Boton para iniciar el registro, Juan enters 'Juan David' into Campo para diligenciar primer nombre, Juan enters 'Gutierrez Rodriguez' into Campo para diligenciar apellido, Juan enters 'juanprueba12362@gmail.com' into Campo para diligenciar email, Juan select May on Seleccionar el mes, Juan select 29 on Seleccionar el dia, Juan select 2000 on Seleccionar el aÃ±o, Juan clicks on Boton para seguir el registro parte 1, Juan clicks on Boton para seguir registro parte 2, Juan clicks on Boton para seguir registro parte 3, Juan enters 'Juandavid29' into Campo para digitar la contraseÃ±a, Juan enters 'Juandavid29' into Campo para confirmar la contraseÃ±a, Juan clicks on Chekear si acepta stay informed, Juan clicks on Chekear read and accept, Juan clicks on Chekear privacy & security, Juan clicks on Boton para terminar el registro]], Then Luego se registra correctamente el usuario encuentra el mensaje
| question |
| Welcome to the world's largest community of freelance software testers! | [Then answer]
[Test worker] WARN net.thucydides.core.steps.BaseStepListener - TestOutcomes: [Registrarse la pagina uTest:Given Dado que Juan quiere probar su codigo automatizacion abrimos la pagina Utest.com [Juan open up [Juan opens the Utest page]], When Cuando abre el formulario registro, se llenan todos los campos
| strFirtsName | strLastName | strEmail | strMoth | strDay | strYear | strPassword | strRepassword |
| Juan David | Gutierrez Rodriguez | juanprueba12362@gmail.com | May | 29 | 2000 | Juandavid29 | Juandavid29 | [Juan join today [Juan clicks on Boton para iniciar el registro, Juan enters 'Juan David' into Campo para diligenciar primer nombre, Juan enters 'Gutierrez Rodriguez' into Campo para diligenciar apellido, Juan enters 'juanprueba12362@gmail.com' into Campo para diligenciar email, Juan select May on Seleccionar el mes, Juan select 29 on Seleccionar el dia, Juan select 2000 on Seleccionar el aÃ±o, Juan clicks on Boton para seguir el registro parte 1, Juan clicks on Boton para seguir registro parte 2, Juan clicks on Boton para seguir registro parte 3, Juan enters 'Juandavid29' into Campo para digitar la contraseÃ±a, Juan enters 'Juandavid29' into Campo para confirmar la contraseÃ±a, Juan clicks on Chekear si acepta stay informed, Juan clicks on Chekear read and accept, Juan clicks on Chekear privacy & security, Juan clicks on Boton para terminar el registro]], Then Luego se registra correctamente el usuario encuentra el mensaje
| question |
| Welcome to the world's largest community of freelance software testers! | [Then answer]]
[Test worker] WARN net.thucydides.core.steps.BaseStepListener - Final testOutcomes: [Registrarse la pagina uTest:Given Dado que Juan quiere probar su codigo automatizacion abrimos la pagina Utest.com [Juan open up [Juan opens the Utest page]], When Cuando abre el formulario registro, se llenan todos los campos
| strFirtsName | strLastName | strEmail | strMoth | strDay | strYear | strPassword | strRepassword |
| Juan David | Gutierrez Rodriguez | juanprueba12362@gmail.com | May | 29 | 2000 | Juandavid29 | Juandavid29 | [Juan join today [Juan clicks on Boton para iniciar el registro, Juan enters 'Juan David' into Campo para diligenciar primer nombre, Juan enters 'Gutierrez Rodriguez' into Campo para diligenciar apellido, Juan enters 'juanprueba12362@gmail.com' into Campo para diligenciar email, Juan select May on Seleccionar el mes, Juan select 29 on Seleccionar el dia, Juan select 2000 on Seleccionar el aÃ±o, Juan clicks on Boton para seguir el registro parte 1, Juan clicks on Boton para seguir registro parte 2, Juan clicks on Boton para seguir registro parte 3, Juan enters 'Juandavid29' into Campo para digitar la contraseÃ±a, Juan enters 'Juandavid29' into Campo para confirmar la contraseÃ±a, Juan clicks on Chekear si acepta stay informed, Juan clicks on Chekear read and accept, Juan clicks on Chekear privacy & security, Juan clicks on Boton para terminar el registro]], Then Luego se registra correctamente el usuario encuentra el mensaje
| question |
| Welcome to the world's largest community of freelance software testers! | [Then answer]]
[Test worker] ERROR net.thucydides.core.steps.ConsoleLoggingListener - 
           __  _____ _____ ____ _____   _____ _    ___ _     _____ ____  
  _       / / |_   _| ____/ ___|_   _| |  ___/ \  |_ _| |   | ____|  _ \ 
 (_)_____| |    | | |  _| \___ \ | |   | |_ / _ \  | || |   |  _| | | | |
  _|_____| |    | | | |___ ___) || |   |  _/ ___ \ | || |___| |___| |_| |
 (_)     | |    |_| |_____|____/ |_|   |_|/_/   \_\___|_____|_____|____/ 
          \_\                                                            

TEST FAILED WITH ERROR: Registrarse la pagina uTest
---------------------------------------------------------------------
[Test worker] ERROR net.thucydides.core.steps.ConsoleLoggingListener - TEST FAILED AT STEP Then answer
[Test worker] ERROR net.thucydides.core.steps.ConsoleLoggingListener - no such element: Unable to locate element: {"method":"xpath","selector":"//*[@id="mainContent"]/div/div/div[1]/div/h1"}
]]></system-err>
</testsuite>
