<?xml version="1.0" encoding="UTF-8"?><testsuite errors="0" failures="1" name="Academy Choucair" skipped="0" tests="1" time="29.59" timestamp="2022-04-05 04:08:44"><testcase name="Search for a automation course"><failure message="Expected enabled element was not enabled" type="net.thucydides.core.webdriver.exceptions.ElementShouldBeEnabledException">Expected enabled element was not enabled</failure><system-err>Expected enabled element was not enabled&#13;
co.com.choucair.certification.proyectobase.tasks.JoinToday.performAs(JoinToday.java:23)&#13;
co.com.choucair.certification.proyectobase.stepdefinitions.UtestStepDefinitions.thanDianaWantsToLearnAutomationAtTheAcademyChoucair(UtestStepDefinitions.java:21)&#13;
cucumber.runner.Runner.runPickle(Runner.java:80)&#13;
</system-err></testcase></testsuite>